<?xml version="1.0" encoding="UTF-8"?>
<!-- Generated by org.testng.reporters.JUnitReportReporter -->
<testsuite skipped="0" hostname="CDC2-L-J9G7QQ2" name="Day1.GoogleTest" tests="1" failures="0" timestamp="11 Mar 2019 10:06:10 GMT" time="33.086" errors="0">
  <testcase name="test1" time="33.086" classname="Day1.GoogleTest"/>
</testsuite> <!-- Day1.GoogleTest -->
